[20sept2025 02:15:00.789] [main/INFO] [cpw.mods.modlauncher.Launcher/MODLAUNCHER]: ModLauncher running: args [--launchTarget, forgeclientdev, --version, 21.1.208, --assetIndex, 17, --assetsDir, C:\\Users\\thoma\\.gradle\\caches\\neoformruntime\\assets, --gameDir, ., --fml.fmlVersion, 4.0.41, --fml.mcVersion, 1.21.1, --fml.neoForgeVersion, 21.1.208, --fml.neoFormVersion, 20240808.144430]
[20sept2025 02:15:00.844] [main/INFO] [cpw.mods.modlauncher.Launcher/MODLAUNCHER]: JVM identified as Oracle Corporation Java HotSpot(TM) 64-Bit Server VM 21.0.7+8-LTS-245
[20sept2025 02:15:00.846] [main/INFO] [cpw.mods.modlauncher.Launcher/MODLAUNCHER]: ModLauncher 11.0.5+main.901c6ea8 starting: java version 21.0.7 by Oracle Corporation; OS Windows 10 arch amd64 version 10.0
[20sept2025 02:15:01.035] [main/INFO] [net.neoforged.fml.loading.ImmediateWindowHandler/]: Loading ImmediateWindowProvider fmlearlywindow
[20sept2025 02:15:01.180] [main/INFO] [EARLYDISPLAY/]: Trying GL version 4.6
[20sept2025 02:15:01.282] [main/INFO] [EARLYDISPLAY/]: Requested GL version 4.6 got version 4.6
[20sept2025 02:15:01.492] [main/INFO] [mixin/]: SpongePowered MIXIN Subsystem Version=0.8.7 Source=union:/C:/Users/thoma/.gradle/caches/modules-2/files-2.1/net.fabricmc/sponge-mixin/0.15.2+mixin.0.8.7/2af2f021d8e02a0220dc27a7a72b4666d66d44ca/sponge-mixin-0.15.2+mixin.0.8.7.jar%23138!/ Service=ModLauncher Env=CLIENT
[20sept2025 02:15:01.738] [pool-2-thread-1/INFO] [EARLYDISPLAY/]: GL info: AMD Radeon RX 6600 GL version 4.6.0 Core Profile Context 25.8.1.250723, ATI Technologies Inc.
[20sept2025 02:15:02.184] [main/INFO] [net.neoforged.fml.loading.moddiscovery.locators.JarInJarDependencyLocator/]: Found 12 dependencies adding them to mods collection
[20sept2025 02:15:02.186] [main/INFO] [net.neoforged.fml.loading.moddiscovery.ModDiscoverer/]: 
     Mod List:
		Name Version (Mod Id)

		Jade 15.10.3+neoforge (jade)
		Kotlin For Forge 5.10.0 (kotlinforforge)
		KubeJS 2101.7.1-build.181 (kubejs)
		Minecraft 1.21.1 (minecraft)
		NeoForge 21.1.208 (neoforge)
		Rhino 2101.2.7-build.77 (rhino)
		ScalableMobs 0.1 (scalablemobs)
[20sept2025 02:15:02.968] [main/INFO] [mixin/]: Compatibility level set to JAVA_21
[20sept2025 02:15:02.980] [main/INFO] [cpw.mods.modlauncher.LaunchServiceHandler/MODLAUNCHER]: Launching target 'forgeclientdev' with arguments [--version, 21.1.208, --gameDir, ., --assetsDir, C:\Users\thoma\.gradle\caches\neoformruntime\assets, --assetIndex, 17]
[20sept2025 02:15:03.430] [main/WARN] [mixin/]: Error loading class: mezz/modnametooltip/TooltipEventHandler (java.lang.ClassNotFoundException: mezz.modnametooltip.TooltipEventHandler)
[20sept2025 02:15:03.432] [main/WARN] [mixin/]: Error loading class: me/shedaniel/rei/impl/client/ClientHelperImpl (java.lang.ClassNotFoundException: me.shedaniel.rei.impl.client.ClientHelperImpl)
[20sept2025 02:15:03.498] [main/INFO] [MixinExtras|Service/]: Initializing MixinExtras via com.llamalad7.mixinextras.service.MixinExtrasServiceImpl(version=0.5.0).
[20sept2025 02:15:04.843] [Datafixer Bootstrap/INFO] [com.mojang.datafixers.DataFixerBuilder/]: 229 Datafixer optimizations took 339 milliseconds
[20sept2025 02:15:09.892] [main/WARN] [net.minecraft.commands.Commands/]: Ambiguity between arguments [teleport, location] and [teleport, destination] with inputs: [0.1 -0.5 .9, 0 0 0]
[20sept2025 02:15:09.893] [main/WARN] [net.minecraft.commands.Commands/]: Ambiguity between arguments [teleport, location] and [teleport, targets] with inputs: [0.1 -0.5 .9, 0 0 0]
[20sept2025 02:15:09.897] [main/WARN] [net.minecraft.commands.Commands/]: Ambiguity between arguments [teleport, destination] and [teleport, targets] with inputs: [Player, 0123, @e, dd12be42-52a9-4a91-a8a1-11c01849e498]
[20sept2025 02:15:09.898] [main/WARN] [net.minecraft.commands.Commands/]: Ambiguity between arguments [teleport, targets] and [teleport, destination] with inputs: [Player, 0123, dd12be42-52a9-4a91-a8a1-11c01849e498]
[20sept2025 02:15:09.898] [main/WARN] [net.minecraft.commands.Commands/]: Ambiguity between arguments [teleport, targets, location] and [teleport, targets, destination] with inputs: [0.1 -0.5 .9, 0 0 0]
[20sept2025 02:15:10.030] [Render thread/WARN] [net.minecraft.server.packs.VanillaPackResourcesBuilder/]: Assets URL 'union:/C:/Users/thoma/IdeaProjects/ScalableMobs/build/moddev/artifacts/neoforge-21.1.208.jar%23192!/assets/.mcassetsroot' uses unexpected schema
[20sept2025 02:15:10.030] [Render thread/WARN] [net.minecraft.server.packs.VanillaPackResourcesBuilder/]: Assets URL 'union:/C:/Users/thoma/IdeaProjects/ScalableMobs/build/moddev/artifacts/neoforge-21.1.208.jar%23192!/data/.mcassetsroot' uses unexpected schema
[20sept2025 02:15:10.053] [Render thread/INFO] [com.mojang.authlib.yggdrasil.YggdrasilAuthenticationService/]: Environment: Environment[sessionHost=https://sessionserver.mojang.com, servicesHost=https://api.minecraftservices.com, name=PROD]
[20sept2025 02:15:10.061] [Render thread/INFO] [net.minecraft.client.Minecraft/]: Setting user: Dev
[20sept2025 02:15:10.150] [Render thread/INFO] [net.minecraft.client.Minecraft/]: Backend library: LWJGL version 3.3.3+5
[20sept2025 02:15:10.401] [modloading-worker-0/INFO] [net.neoforged.neoforge.common.NeoForgeMod/NEOFORGE-MOD]: NeoForge mod loading, version 21.1.208, for MC 1.21.1
[20sept2025 02:15:10.410] [modloading-worker-0/INFO] [KubeJS Startup/]: Capturing errors for startup scripts enabled
[20sept2025 02:15:10.410] [modloading-worker-0/INFO] [KubeJS Client/]: Capturing errors for client scripts enabled
[20sept2025 02:15:10.410] [modloading-worker-0/INFO] [KubeJS/]: Loading vanilla registries...
[20sept2025 02:15:10.441] [modloading-worker-0/INFO] [KubeJS/]: Looking for KubeJS plugins...
[20sept2025 02:15:10.443] [modloading-worker-0/INFO] [KubeJS/]: Found plugin source kubejs
[20sept2025 02:15:10.450] [modloading-worker-0/WARN] [KubeJS/]: Plugin dev.latvian.mods.kubejs.integration.architectury.ArchitecturyIntegration does not have required mod 'architectury' loaded, skipping
[20sept2025 02:15:10.450] [modloading-worker-0/WARN] [KubeJS/]: Plugin dev.latvian.mods.kubejs.integration.gamestages.GameStagesIntegration does not have required mod 'gamestages' loaded, skipping
[20sept2025 02:15:10.452] [modloading-worker-0/INFO] [KubeJS/]: Done in 9.810 ms
[20sept2025 02:15:10.722] [modloading-worker-0/INFO] [thedarkcolour.kotlinforforge.neoforge.test.KotlinForForge/]: Kotlin For Forge Enabled!
[20sept2025 02:15:10.723] [modloading-worker-0/INFO] [com.thomp.scalablemobs.ScalableMobs/]: [ScalableMobs] Adding some levels....
[20sept2025 02:15:10.737] [modloading-worker-0/INFO] [com.thomp.scalablemobs.config.ConfigManager/]: [ScalableMobs] Config Loaded
[20sept2025 02:15:10.967] [modloading-worker-0/INFO] [KubeJS Startup/]: startup_scripts:main.js#2: Hello, World! (Loaded startup example script)
[20sept2025 02:15:10.969] [modloading-worker-0/INFO] [KubeJS Startup/]: Loaded script startup_scripts:main.js in 0.041 s
[20sept2025 02:15:10.972] [modloading-worker-0/INFO] [KubeJS Startup/]: Loaded 1/1 KubeJS startup scripts in 0.513 s with 0 errors and 0 warnings
[20sept2025 02:15:10.988] [modloading-worker-0/INFO] [KubeJS Client/]: client_scripts:main.js#2: Hello, World! (Loaded client example script)
[20sept2025 02:15:10.988] [modloading-worker-0/INFO] [KubeJS Client/]: Loaded script client_scripts:main.js in 0.001 s
[20sept2025 02:15:10.988] [modloading-worker-0/INFO] [KubeJS Client/]: Loaded 1/1 KubeJS client scripts in 0.015 s with 0 errors and 0 warnings
[20sept2025 02:15:11.766] [Render thread/INFO] [net.neoforged.neoforge.gametest.GameTestHooks/]: Enabled Gametest Namespaces: [scalablemobs]
[20sept2025 02:15:12.019] [Render thread/INFO] [KubeJS/]: Loaded 13 asset packs: vanilla, KubeJS Virtual Resource Pack [Before Mods, assets], mod_resources, mod/rhino, mod/kubejs, mod/kotlinforforge, mod/jade, mod/scalablemobs, KubeJS Virtual Resource Pack [Internal, assets], KubeJS Virtual Resource Pack [After Mods, assets], KubeJS File Resource Pack [assets], mod/neoforge, KubeJS Virtual Resource Pack [Last, assets]
[20sept2025 02:15:12.021] [Render thread/INFO] [net.minecraft.server.packs.resources.ReloadableResourceManager/]: Reloading ResourceManager: vanilla, KubeJS Virtual Resource Pack [Before Mods, assets], mod_resources, mod/rhino, mod/kubejs, mod/kotlinforforge, mod/jade, mod/scalablemobs, KubeJS Virtual Resource Pack [Internal, assets], KubeJS Virtual Resource Pack [After Mods, assets], KubeJS File Resource Pack [assets], mod/neoforge, KubeJS Virtual Resource Pack [Last, assets]
[20sept2025 02:15:12.267] [Render thread/INFO] [KubeJS Client/]: Client resource reload complete!
[20sept2025 02:15:12.296] [Worker-Main-1/INFO] [net.minecraft.client.gui.font.providers.UnihexProvider/]: Found unifont_all_no_pua-15.1.05.hex, loading
[20sept2025 02:15:12.362] [Worker-Main-15/INFO] [net.minecraft.client.gui.font.providers.UnihexProvider/]: Found unifont_jp_patch-15.1.05.hex, loading
[20sept2025 02:15:12.490] [Render thread/INFO] [KubeJS/]: Started the local web server at http://localhost:61423
[20sept2025 02:15:13.994] [Worker-Main-4/INFO] [snownee.jade.Jade/]: Start loading plugin from snownee.jade.addon.vanilla.VanillaPlugin
[20sept2025 02:15:14.042] [Worker-Main-4/INFO] [snownee.jade.Jade/]: Bootstrapped plugin from snownee.jade.addon.vanilla.VanillaPlugin in 44.77 ms
[20sept2025 02:15:14.050] [Worker-Main-4/INFO] [snownee.jade.Jade/]: Loaded plugin from snownee.jade.addon.vanilla.VanillaPlugin in 53.05 ms
[20sept2025 02:15:14.051] [Worker-Main-4/INFO] [snownee.jade.Jade/]: Start loading plugin from snownee.jade.addon.universal.UniversalPlugin
[20sept2025 02:15:14.055] [Worker-Main-4/INFO] [snownee.jade.Jade/]: Bootstrapped plugin from snownee.jade.addon.universal.UniversalPlugin in 3.899 ms
[20sept2025 02:15:14.056] [Worker-Main-4/INFO] [snownee.jade.Jade/]: Loaded plugin from snownee.jade.addon.universal.UniversalPlugin in 4.374 ms
[20sept2025 02:15:14.056] [Worker-Main-4/INFO] [snownee.jade.Jade/]: Start loading plugin from snownee.jade.addon.debug.DebugPlugin
[20sept2025 02:15:14.058] [Worker-Main-4/INFO] [snownee.jade.Jade/]: Bootstrapped plugin from snownee.jade.addon.debug.DebugPlugin in 1.883 ms
[20sept2025 02:15:14.059] [Worker-Main-4/INFO] [snownee.jade.Jade/]: Loaded plugin from snownee.jade.addon.debug.DebugPlugin in 2.193 ms
[20sept2025 02:15:14.059] [Worker-Main-4/INFO] [snownee.jade.Jade/]: Start loading plugin from snownee.jade.addon.core.CorePlugin
[20sept2025 02:15:14.062] [Worker-Main-4/INFO] [snownee.jade.Jade/]: Bootstrapped plugin from snownee.jade.addon.core.CorePlugin in 2.708 ms
[20sept2025 02:15:14.062] [Worker-Main-4/INFO] [snownee.jade.Jade/]: Loaded plugin from snownee.jade.addon.core.CorePlugin in 3.084 ms
[20sept2025 02:15:14.062] [Worker-Main-4/INFO] [snownee.jade.Jade/]: Start loading plugin from snownee.jade.addon.access.AccessibilityPlugin
[20sept2025 02:15:14.066] [Worker-Main-4/INFO] [snownee.jade.Jade/]: Bootstrapped plugin from snownee.jade.addon.access.AccessibilityPlugin in 2.772 ms
[20sept2025 02:15:14.066] [Worker-Main-4/INFO] [snownee.jade.Jade/]: Loaded plugin from snownee.jade.addon.access.AccessibilityPlugin in 3.260 ms
[20sept2025 02:15:14.101] [Render thread/INFO] [KubeJS Startup/]: Capturing errors for startup scripts disabled
[20sept2025 02:15:14.101] [Render thread/INFO] [KubeJS Client/]: Capturing errors for client scripts disabled
[20sept2025 02:15:14.237] [Render thread/WARN] [net.minecraft.client.sounds.SoundEngine/]: Missing sound for event: minecraft:item.goat_horn.play
[20sept2025 02:15:14.237] [Render thread/WARN] [net.minecraft.client.sounds.SoundEngine/]: Missing sound for event: minecraft:entity.goat.screaming.horn_break
[20sept2025 02:15:14.276] [Render thread/INFO] [com.mojang.blaze3d.audio.Library/]: OpenAL initialized on device OpenAL Soft on Altavoces (High Definition Audio Device)
[20sept2025 02:15:14.276] [Render thread/INFO] [net.minecraft.client.sounds.SoundEngine/SOUNDS]: Sound engine started
[20sept2025 02:15:14.405] [Render thread/INFO] [net.minecraft.client.renderer.texture.TextureAtlas/]: Created: 1024x512x4 minecraft:textures/atlas/blocks.png-atlas
[20sept2025 02:15:14.412] [Render thread/INFO] [net.minecraft.client.renderer.texture.TextureAtlas/]: Created: 256x256x4 minecraft:textures/atlas/signs.png-atlas
[20sept2025 02:15:14.413] [Render thread/INFO] [net.minecraft.client.renderer.texture.TextureAtlas/]: Created: 512x512x4 minecraft:textures/atlas/shield_patterns.png-atlas
[20sept2025 02:15:14.413] [Render thread/INFO] [net.minecraft.client.renderer.texture.TextureAtlas/]: Created: 512x512x4 minecraft:textures/atlas/banner_patterns.png-atlas
[20sept2025 02:15:14.414] [Render thread/INFO] [net.minecraft.client.renderer.texture.TextureAtlas/]: Created: 1024x1024x4 minecraft:textures/atlas/armor_trims.png-atlas
[20sept2025 02:15:14.422] [Render thread/INFO] [net.minecraft.client.renderer.texture.TextureAtlas/]: Created: 128x64x4 minecraft:textures/atlas/decorated_pot.png-atlas
[20sept2025 02:15:14.422] [Render thread/INFO] [net.minecraft.client.renderer.texture.TextureAtlas/]: Created: 256x256x4 minecraft:textures/atlas/chest.png-atlas
[20sept2025 02:15:14.422] [Render thread/INFO] [net.minecraft.client.renderer.texture.TextureAtlas/]: Created: 512x256x4 minecraft:textures/atlas/beds.png-atlas
[20sept2025 02:15:14.423] [Render thread/INFO] [net.minecraft.client.renderer.texture.TextureAtlas/]: Created: 512x256x4 minecraft:textures/atlas/shulker_boxes.png-atlas
[20sept2025 02:15:14.572] [Render thread/INFO] [net.minecraft.client.renderer.texture.TextureAtlas/]: Created: 512x256x0 minecraft:textures/atlas/particles.png-atlas
[20sept2025 02:15:14.574] [Render thread/INFO] [net.minecraft.client.renderer.texture.TextureAtlas/]: Created: 512x256x0 minecraft:textures/atlas/paintings.png-atlas
[20sept2025 02:15:14.574] [Render thread/INFO] [net.minecraft.client.renderer.texture.TextureAtlas/]: Created: 256x128x0 minecraft:textures/atlas/mob_effects.png-atlas
[20sept2025 02:15:14.574] [Render thread/INFO] [net.minecraft.client.renderer.texture.TextureAtlas/]: Created: 64x64x0 minecraft:textures/atlas/map_decorations.png-atlas
[20sept2025 02:15:14.574] [Render thread/INFO] [net.minecraft.client.renderer.texture.TextureAtlas/]: Created: 1024x512x0 minecraft:textures/atlas/gui.png-atlas
[20sept2025 02:15:14.600] [Render thread/WARN] [net.minecraft.client.renderer.ShaderInstance/]: Shader rendertype_entity_translucent_emissive could not find sampler named Sampler2 in the specified shader program.
[20sept2025 02:15:14.661] [Render thread/INFO] [net.neoforged.neoforge.client.entity.animation.json.AnimationLoader/]: Loaded 0 entity animations
[20sept2025 02:15:30.352] [Render thread/INFO] [KubeJS Server/]: Capturing errors for server scripts enabled
[20sept2025 02:15:30.361] [Render thread/INFO] [KubeJS Server/]: server_scripts:test.js#1: Loaded Java class 'com.thomp.scalablemobs.api.ScalableMobsAPI'
[20sept2025 02:15:30.365] [Render thread/INFO] [KubeJS Server/]: Loaded script server_scripts:test.js in 0.008 s
[20sept2025 02:15:30.366] [Render thread/INFO] [KubeJS Server/]: Loaded 1/1 KubeJS server scripts in 0.013 s with 0 errors and 0 warnings
[20sept2025 02:15:30.367] [Render thread/INFO] [KubeJS/]: Loaded 14 data packs: vanilla, KubeJS Virtual Resource Pack [Before Mods, data], mod_data, mod/rhino, mod/kubejs, mod/kotlinforforge, mod/jade, mod/scalablemobs, KubeJS Virtual Resource Pack [Internal, data], KubeJS Virtual Resource Pack [Registries, data], KubeJS Virtual Resource Pack [After Mods, data], KubeJS File Resource Pack [data], mod/neoforge, KubeJS Virtual Resource Pack [Last, data]
[20sept2025 02:15:31.149] [Render thread/INFO] [net.minecraft.world.item.crafting.RecipeManager/]: Loaded 1290 recipes
[20sept2025 02:15:31.306] [Render thread/INFO] [net.minecraft.advancements.AdvancementTree/]: Loaded 1399 advancements
[20sept2025 02:15:31.662] [Render thread/INFO] [snownee.jade.Jade/]: LootTableMineableCollector took 3.715 ms
[20sept2025 02:15:31.725] [Server thread/INFO] [net.minecraft.client.server.IntegratedServer/]: Starting integrated minecraft server version 1.21.1
[20sept2025 02:15:31.726] [Server thread/INFO] [net.minecraft.server.MinecraftServer/]: Generating keypair
[20sept2025 02:15:32.439] [Server thread/INFO] [net.minecraft.server.MinecraftServer/]: Preparing start region for dimension minecraft:overworld
[20sept2025 02:15:32.441] [Server thread/INFO] [KubeJS Server/]: Capturing errors for server scripts disabled
[20sept2025 02:15:32.447] [Server thread/INFO] [KubeJS Server/]: Server resource reload complete!
[20sept2025 02:15:32.676] [progressListener/INFO] [net.minecraft.server.level.progress.LoggerChunkProgressListener/]: Preparing spawn area: 0%
[20sept2025 02:15:32.719] [progressListener/INFO] [net.minecraft.server.level.progress.LoggerChunkProgressListener/]: Time elapsed: 276 ms
[20sept2025 02:15:32.719] [Server thread/INFO] [net.neoforged.neoforge.server.permission.PermissionAPI/]: Successfully initialized permission handler neoforge:default_handler
[20sept2025 02:15:32.722] [Server thread/INFO] [com.thomp.scalablemobs.config.ConfigManager/]: [ScalableMobs] Config Loaded
[20sept2025 02:15:32.802] [Server thread/INFO] [net.minecraft.client.server.IntegratedServer/]: Changing view distance to 12, from 10
[20sept2025 02:15:32.802] [Server thread/INFO] [net.minecraft.client.server.IntegratedServer/]: Changing simulation distance to 12, from 0
[20sept2025 02:15:33.334] [Server thread/INFO] [net.minecraft.server.players.PlayerList/]: Dev[local:E:4b9644ca] logged in with entity id 86 at (-81.1379555799364, 3.598131925228756, -8.599675804386322)
[20sept2025 02:15:33.387] [Server thread/INFO] [net.minecraft.server.MinecraftServer/]: Dev joined the game
[20sept2025 02:15:33.615] [Render thread/INFO] [snownee.jade.Jade/]: Received config from the server: 
[20sept2025 02:15:33.618] [Render thread/INFO] [net.minecraft.advancements.AdvancementTree/]: Loaded 143 advancements
[20sept2025 02:15:40.635] [Server thread/INFO] [net.minecraft.server.MinecraftServer/]: [Dev: Set own game mode to Spectator Mode]
[20sept2025 02:15:40.645] [Render thread/INFO] [net.minecraft.client.gui.components.ChatComponent/]: [System] [CHAT] Set own game mode to Spectator Mode
[20sept2025 02:15:44.970] [Server thread/INFO] [net.minecraft.server.MinecraftServer/]: [Dev: Set own game mode to Creative Mode]
[20sept2025 02:15:44.981] [Render thread/INFO] [net.minecraft.client.gui.components.ChatComponent/]: [System] [CHAT] Set own game mode to Creative Mode
[20sept2025 02:16:18.308] [Render thread/INFO] [net.minecraft.client.Minecraft/]: Stopping!
[20sept2025 02:16:18.329] [Server thread/INFO] [net.minecraft.server.network.ServerGamePacketListenerImpl/]: Dev lost connection: Disconnected
[20sept2025 02:16:18.329] [Server thread/INFO] [net.minecraft.server.MinecraftServer/]: Dev left the game
[20sept2025 02:16:18.344] [Server thread/INFO] [net.minecraft.server.network.ServerCommonPacketListenerImpl/]: Stopping singleplayer server as player logged out
[20sept2025 02:16:18.380] [Server thread/INFO] [net.minecraft.server.MinecraftServer/]: Stopping server
[20sept2025 02:16:18.381] [Server thread/INFO] [net.minecraft.server.MinecraftServer/]: Saving players
[20sept2025 02:16:18.381] [Server thread/INFO] [net.minecraft.server.MinecraftServer/]: Saving worlds
[20sept2025 02:16:18.495] [Server thread/INFO] [net.minecraft.server.MinecraftServer/]: Saving chunks for level 'ServerLevel[New World]'/minecraft:overworld
[20sept2025 02:16:18.566] [Server thread/INFO] [net.minecraft.server.MinecraftServer/]: Saving chunks for level 'ServerLevel[New World]'/minecraft:the_nether
[20sept2025 02:16:18.572] [Server thread/INFO] [net.minecraft.server.MinecraftServer/]: Saving chunks for level 'ServerLevel[New World]'/minecraft:the_end
[20sept2025 02:16:18.588] [Server thread/INFO] [net.minecraft.server.MinecraftServer/]: ThreadedAnvilChunkStorage (New World (6)): All chunks are saved
[20sept2025 02:16:18.588] [Server thread/INFO] [net.minecraft.server.MinecraftServer/]: ThreadedAnvilChunkStorage (DIM-1): All chunks are saved
[20sept2025 02:16:18.588] [Server thread/INFO] [net.minecraft.server.MinecraftServer/]: ThreadedAnvilChunkStorage (DIM1): All chunks are saved
[20sept2025 02:16:18.589] [Server thread/INFO] [net.minecraft.server.MinecraftServer/]: ThreadedAnvilChunkStorage: All dimensions are saved
[20sept2025 02:16:18.605] [Server thread/INFO] [KubeJS/]: Closed KubeJS Virtual Resource Pack [Before Mods, data]
[20sept2025 02:16:18.605] [Server thread/INFO] [KubeJS/]: Closed KubeJS Virtual Resource Pack [Internal, data]
[20sept2025 02:16:18.605] [Server thread/INFO] [KubeJS/]: Closed KubeJS Virtual Resource Pack [Registries, data]
[20sept2025 02:16:18.606] [Server thread/INFO] [KubeJS/]: Closed KubeJS Virtual Resource Pack [After Mods, data]
[20sept2025 02:16:18.606] [Server thread/INFO] [KubeJS/]: Closed KubeJS Virtual Resource Pack [Last, data]
[20sept2025 02:16:18.714] [Render thread/INFO] [KubeJS/]: Closed KubeJS Virtual Resource Pack [Before Mods, assets]
[20sept2025 02:16:18.715] [Render thread/INFO] [KubeJS/]: Closed KubeJS Virtual Resource Pack [Internal, assets]
[20sept2025 02:16:18.715] [Render thread/INFO] [KubeJS/]: Closed KubeJS Virtual Resource Pack [After Mods, assets]
[20sept2025 02:16:18.715] [Render thread/INFO] [KubeJS/]: Closed KubeJS Virtual Resource Pack [Last, assets]
